********************************************************************************
DUPLICATOR-LITE PACKAGE-LOG: 2023-11-08 22:07
NOTICE: Do NOT post to public sites or forums 
********************************************************************************
VERSION:	1.5.7
WORDPRESS:	6.4
PHP INFO:	8.1.1 | SAPI: apache2handler
SERVER:		Apache/2.4.52 (Win64) OpenSSL/1.1.1m PHP/8.1.1 
PHP TIME LIMIT: (0) no time limit imposed 
PHP MAX MEMORY: 4294967296 (512M default) 
MEMORY STACK: 8MB

********************************************************************************
DATABASE:
********************************************************************************
BUILD MODE:   MYSQLDUMP
MYSQLTIMEOUT: 5000
MYSQLDUMP:    Is Supported
SQL CREATED: 20231108_radioactive_1fb3637960216b3b5811_20231108220709_database.sql
SQL FILE SIZE: 23.03MB (24153869)
SQL FILE TIME: 2023-11-08 22:08:46
SQL RUNTIME: 74.71 sec.

********************************************************************************
ARCHIVE (ZIP):
********************************************************************************
ARCHIVE DIR:  C:/xampp/htdocs/praktyka_ww
ARCHIVE FILE: 20231108_radioactive_1fb3637960216b3b5811_20231108220709_archive.zip
FILTERS: *OFF*
DIRS:
	not set
FILES:
	not set
EXTS:  not set
----------------------------------------
COMPRESSING
SIZE:	259.43MB
STATS:	Dirs 2,608 | Files 12,375
SQL ADDED: 20231108_radioactive_1fb3637960216b3b5811_20231108220709_database.sql
ZipArchive Object
(
    [lastId] => 14982
    [status] => 0
    [statusSys] => 0
    [numFiles] => 14983
    [filename] => C:\xampp\htdocs\praktyka_ww\wp-content\backups-dup-lite\tmp\20231108_radioactive_1fb3637960216b3b5811_20231108220709_archive.zip
    [comment] => 
)

FILE ADDED TO ZIP: 14982
COMPRESSION RESULT: '1'
COMPRESSED SIZE: 96.8MB
ARCHIVE RUNTIME: 19.95 sec.
MEMORY STACK: 12MB
building installer
ARCHIVE CONSISTENCY TEST: PASS

********************************************************************************
INTEGRITY CHECKS:
********************************************************************************
SQL FILE: 23.03MB
INSTALLER FILE: 73.48KB
ARCHIVE FILE: 98.82MB 
EXPECTED FILE/DIRECTORY COUNT: 14,983
ACTUAL FILE/DIRECTORY COUNT: 14,982
ARCHIVE CONSISTENCY TEST: Pass

********************************************************************************
RECORD ID:[1]
TOTAL PROCESS RUNTIME: 96.73 sec.
PEAK PHP MEMORY USED: 14MB
DONE PROCESSING => 20231108_radioactive 2023-11-08 22:09

